<html>
<head>
<title>TestNG:  Surefire test</title>
<link href="../testng.css" rel="stylesheet" type="text/css" />
<link href="../my-testng.css" rel="stylesheet" type="text/css" />

<style type="text/css">
.log { display: none;} 
.stack-trace { display: none;} 
</style>
<script type="text/javascript">
<!--
function flip(e) {
  current = e.style.display;
  if (current == 'block') {
    e.style.display = 'none';
    return 0;
  }
  else {
    e.style.display = 'block';
    return 1;
  }
}

function toggleBox(szDivId, elem, msg1, msg2)
{
  var res = -1;  if (document.getElementById) {
    res = flip(document.getElementById(szDivId));
  }
  else if (document.all) {
    // this is the way old msie versions work
    res = flip(document.all[szDivId]);
  }
  if(elem) {
    if(res == 0) elem.innerHTML = msg1; else elem.innerHTML = msg2;
  }

}

function toggleAllBoxes() {
  if (document.getElementsByTagName) {
    d = document.getElementsByTagName('div');
    for (i = 0; i < d.length; i++) {
      if (d[i].className == 'log') {
        flip(d[i]);
      }
    }
  }
}

// -->
</script>

</head>
<body>
<h2 align='center'>Surefire test</h2><table border='1' align="center">
<tr>
<td>Tests passed/Failed/Skipped:</td><td>11/4/0</td>
</tr><tr>
<td>Started on:</td><td>Fri Jan 27 00:24:21 EET 2023</td>
</tr>
<tr><td>Total time:</td><td>234 seconds (234430 ms)</td>
</tr><tr>
<td>Included groups:</td><td></td>
</tr><tr>
<td>Excluded groups:</td><td></td>
</tr>
</table><p/>
<small><i>(Hover the method name to see the test class name)</i></small><p/>
<table width='100%' border='1' class='invocation-failed'>
<tr><td colspan='4' align='center'><b>FAILED TESTS</b></td></tr>
<tr><td><b>Test method</b></td>
<td width="30%"><b>Exception</b></td>
<td width="10%"><b>Time (seconds)</b></td>
<td><b>Instance</b></td>
</tr>
<tr>
<td title='org.example.TestRunner.Runner.runScenario()'><b>runScenario</b><br>Test class: org.example.TestRunner.Runner<br>Test method: Runs Cucumber Scenarios<br>Parameters: "", "Optional[WISHLIST]"</td>
<td><div><pre>org.openqa.selenium.ElementClickInterceptedException: element click intercepted: Element &lt;span class=&quot;wishlist-qty&quot;&gt;...&lt;/span&gt; is not clickable at point (993, 22). Other element would receive the click: &lt;p class=&quot;content&quot;&gt;...&lt;/p&gt;
  (Session info: chrome=109.0.5414.76)
Build info: version: &apos;4.7.1&apos;, revision: &apos;c6795baf1a3&apos;
System info: os.name: &apos;Windows 10&apos;, os.arch: &apos;amd64&apos;, os.version: &apos;10.0&apos;, java.version: &apos;1.8.0_351&apos;
Driver info: org.openqa.selenium.chrome.ChromeDriver
Command: [0c8ed784ea655c20f4a50f93eb47f6f5, clickElement {id=f3eed599-8665-4210-8e6b-412b9cdd90e7}]
Capabilities {acceptInsecureCerts: false, browserName: chrome, browserVersion: 109.0.5414.76, chrome: {chromedriverVersion: 109.0.5414.74 (e7c5703604da..., userDataDir: C:\Users\elgohary\AppData\L...}, goog:chromeOptions: {debuggerAddress: localhost:55676}, networkConnectionEnabled: false, pageLoadStrategy: normal, platformName: WINDOWS, proxy: Proxy(), se:cdp: ws://localhost:55676/devtoo..., se:cdpVersion: 109.0.5414.76, setWindowRect: true, strictFileInteractability: false, timeouts: {implicit: 0, pageLoad: 300000, script: 30000}, unhandledPromptBehavior: dismiss and notify, webauthn:extension:credBlob: true, webauthn:extension:largeBlob: true, webauthn:virtualAuthenticators: true}
Element: [[ChromeDriver: chrome on WINDOWS (0c8ed784ea655c20f4a50f93eb47f6f5)] -&gt; css selector: span[class=&quot;wishlist-qty&quot;]]
Session ID: 0c8ed784ea655c20f4a50f93eb47f6f5
	at org.openqa.selenium.remote.codec.w3c.W3CHttpResponseCodec.createException(W3CHttpResponseCodec.java:200)
	at org.openqa.selenium.remote.codec.w3c.W3CHttpResponseCodec.decode(W3CHttpResponseCodec.java:133)
	at org.openqa.selenium.remote.codec.w3c.W3CHttpResponseCodec.decode(W3CHttpResponseCodec.java:53)
	at org.openqa.selenium.remote.HttpCommandExecutor.execute(HttpCommandExecutor.java:184)
	at org.openqa.selenium.remote.service.DriverCommandExecutor.invokeExecute(DriverCommandExecutor.java:167)
	at org.openqa.selenium.remote.service.DriverCommandExecutor.execute(DriverCommandExecutor.java:142)
	at org.openqa.selenium.remote.RemoteWebDriver.execute(RemoteWebDriver.java:551)
	at org.openqa.selenium.remote.RemoteWebElement.execute(RemoteWebElement.java:257)
	at org.openqa.selenium.remote.RemoteWebElement.click(RemoteWebElement.java:78)
	at org.example.stepDefinition.TC08_WishlistStepDef.CLICK(TC08_WishlistStepDef.java:48)
	at ?.click on wishlist button this product &quot;HTC One M8 Android L 5.0 Lollipop(file:///C:/Users/elgohary/IdeaProjects/final_project/src/main/resources/features/F08_Wishlist.feature:7)
... Removed 4 stack frames</pre></div><a href='#' onClick='toggleBox("stack-trace462073515", this, "Click to show all stack frames", "Click to hide stack frames")'>Click to show all stack frames</a>
<div class='stack-trace' id='stack-trace462073515'><pre>org.openqa.selenium.ElementClickInterceptedException: element click intercepted: Element &lt;span class=&quot;wishlist-qty&quot;&gt;...&lt;/span&gt; is not clickable at point (993, 22). Other element would receive the click: &lt;p class=&quot;content&quot;&gt;...&lt;/p&gt;
  (Session info: chrome=109.0.5414.76)
Build info: version: &apos;4.7.1&apos;, revision: &apos;c6795baf1a3&apos;
System info: os.name: &apos;Windows 10&apos;, os.arch: &apos;amd64&apos;, os.version: &apos;10.0&apos;, java.version: &apos;1.8.0_351&apos;
Driver info: org.openqa.selenium.chrome.ChromeDriver
Command: [0c8ed784ea655c20f4a50f93eb47f6f5, clickElement {id=f3eed599-8665-4210-8e6b-412b9cdd90e7}]
Capabilities {acceptInsecureCerts: false, browserName: chrome, browserVersion: 109.0.5414.76, chrome: {chromedriverVersion: 109.0.5414.74 (e7c5703604da..., userDataDir: C:\Users\elgohary\AppData\L...}, goog:chromeOptions: {debuggerAddress: localhost:55676}, networkConnectionEnabled: false, pageLoadStrategy: normal, platformName: WINDOWS, proxy: Proxy(), se:cdp: ws://localhost:55676/devtoo..., se:cdpVersion: 109.0.5414.76, setWindowRect: true, strictFileInteractability: false, timeouts: {implicit: 0, pageLoad: 300000, script: 30000}, unhandledPromptBehavior: dismiss and notify, webauthn:extension:credBlob: true, webauthn:extension:largeBlob: true, webauthn:virtualAuthenticators: true}
Element: [[ChromeDriver: chrome on WINDOWS (0c8ed784ea655c20f4a50f93eb47f6f5)] -&gt; css selector: span[class=&quot;wishlist-qty&quot;]]
Session ID: 0c8ed784ea655c20f4a50f93eb47f6f5
	at sun.reflect.NativeConstructorAccessorImpl.newInstance0(Native Method)
	at sun.reflect.NativeConstructorAccessorImpl.newInstance(NativeConstructorAccessorImpl.java:62)
	at sun.reflect.DelegatingConstructorAccessorImpl.newInstance(DelegatingConstructorAccessorImpl.java:45)
	at java.lang.reflect.Constructor.newInstance(Constructor.java:423)
	at org.openqa.selenium.remote.codec.w3c.W3CHttpResponseCodec.createException(W3CHttpResponseCodec.java:200)
	at org.openqa.selenium.remote.codec.w3c.W3CHttpResponseCodec.decode(W3CHttpResponseCodec.java:133)
	at org.openqa.selenium.remote.codec.w3c.W3CHttpResponseCodec.decode(W3CHttpResponseCodec.java:53)
	at org.openqa.selenium.remote.HttpCommandExecutor.execute(HttpCommandExecutor.java:184)
	at org.openqa.selenium.remote.service.DriverCommandExecutor.invokeExecute(DriverCommandExecutor.java:167)
	at org.openqa.selenium.remote.service.DriverCommandExecutor.execute(DriverCommandExecutor.java:142)
	at org.openqa.selenium.remote.RemoteWebDriver.execute(RemoteWebDriver.java:551)
	at org.openqa.selenium.remote.RemoteWebElement.execute(RemoteWebElement.java:257)
	at org.openqa.selenium.remote.RemoteWebElement.click(RemoteWebElement.java:78)
	at org.example.stepDefinition.TC08_WishlistStepDef.CLICK(TC08_WishlistStepDef.java:48)
	at ?.click on wishlist button this product &quot;HTC One M8 Android L 5.0 Lollipop(file:///C:/Users/elgohary/IdeaProjects/final_project/src/main/resources/features/F08_Wishlist.feature:7)
</pre></div></td>
<td>11</td>
<td>org.example.TestRunner.Runner@78e67e0a</td></tr>
<tr>
<td title='org.example.TestRunner.Runner.runScenario()'><b>runScenario</b><br>Test class: org.example.TestRunner.Runner<br>Test method: Runs Cucumber Scenarios<br>Parameters: "user could login with invalid email and password", "Optional[: F02_Login | users could use login functionality to use their accounts]"</td>
<td><div><pre>org.openqa.selenium.NoSuchElementException: no such element: Unable to locate element: {&quot;method&quot;:&quot;css selector&quot;,&quot;selector&quot;:&quot;div[class=&quot;message-error validation-summary-errors&quot;]&quot;}
  (Session info: chrome=109.0.5414.76)
For documentation on this error, please visit: https://selenium.dev/exceptions/#no_such_element
Build info: version: &apos;4.7.1&apos;, revision: &apos;c6795baf1a3&apos;
System info: os.name: &apos;Windows 10&apos;, os.arch: &apos;amd64&apos;, os.version: &apos;10.0&apos;, java.version: &apos;1.8.0_351&apos;
Driver info: org.openqa.selenium.chrome.ChromeDriver
Command: [4e519705bc38477bbe0694463e0b5d5a, findElement {using=css selector, value=div[class=&quot;message-error validation-summary-errors&quot;]}]
Capabilities {acceptInsecureCerts: false, browserName: chrome, browserVersion: 109.0.5414.76, chrome: {chromedriverVersion: 109.0.5414.74 (e7c5703604da..., userDataDir: C:\Users\elgohary\AppData\L...}, goog:chromeOptions: {debuggerAddress: localhost:55304}, networkConnectionEnabled: false, pageLoadStrategy: normal, platformName: WINDOWS, proxy: Proxy(), se:cdp: ws://localhost:55304/devtoo..., se:cdpVersion: 109.0.5414.76, setWindowRect: true, strictFileInteractability: false, timeouts: {implicit: 0, pageLoad: 300000, script: 30000}, unhandledPromptBehavior: dismiss and notify, webauthn:extension:credBlob: true, webauthn:extension:largeBlob: true, webauthn:virtualAuthenticators: true}
Session ID: 4e519705bc38477bbe0694463e0b5d5a
	at org.openqa.selenium.remote.codec.w3c.W3CHttpResponseCodec.createException(W3CHttpResponseCodec.java:200)
	at org.openqa.selenium.remote.codec.w3c.W3CHttpResponseCodec.decode(W3CHttpResponseCodec.java:133)
	at org.openqa.selenium.remote.codec.w3c.W3CHttpResponseCodec.decode(W3CHttpResponseCodec.java:53)
	at org.openqa.selenium.remote.HttpCommandExecutor.execute(HttpCommandExecutor.java:184)
	at org.openqa.selenium.remote.service.DriverCommandExecutor.invokeExecute(DriverCommandExecutor.java:167)
	at org.openqa.selenium.remote.service.DriverCommandExecutor.execute(DriverCommandExecutor.java:142)
	at org.openqa.selenium.remote.RemoteWebDriver.execute(RemoteWebDriver.java:551)
	at org.openqa.selenium.remote.ElementLocation$ElementFinder$2.findElement(ElementLocation.java:162)
	at org.openqa.selenium.remote.ElementLocation.findElement(ElementLocation.java:60)
	at org.openqa.selenium.remote.RemoteWebDriver.findElement(RemoteWebDriver.java:367)
	at org.openqa.selenium.remote.RemoteWebDriver.findElement(RemoteWebDriver.java:359)
	at org.example.stepDefinition.TC02_loginStepDef.unsuccessful_login(TC02_loginStepDef.java:60)
	at ?.user could not login to the system(file:///C:/Users/elgohary/IdeaProjects/final_project/src/main/resources/features/F02_Login.feature:13)
... Removed 4 stack frames</pre></div><a href='#' onClick='toggleBox("stack-trace92862012", this, "Click to show all stack frames", "Click to hide stack frames")'>Click to show all stack frames</a>
<div class='stack-trace' id='stack-trace92862012'><pre>org.openqa.selenium.NoSuchElementException: no such element: Unable to locate element: {&quot;method&quot;:&quot;css selector&quot;,&quot;selector&quot;:&quot;div[class=&quot;message-error validation-summary-errors&quot;]&quot;}
  (Session info: chrome=109.0.5414.76)
For documentation on this error, please visit: https://selenium.dev/exceptions/#no_such_element
Build info: version: &apos;4.7.1&apos;, revision: &apos;c6795baf1a3&apos;
System info: os.name: &apos;Windows 10&apos;, os.arch: &apos;amd64&apos;, os.version: &apos;10.0&apos;, java.version: &apos;1.8.0_351&apos;
Driver info: org.openqa.selenium.chrome.ChromeDriver
Command: [4e519705bc38477bbe0694463e0b5d5a, findElement {using=css selector, value=div[class=&quot;message-error validation-summary-errors&quot;]}]
Capabilities {acceptInsecureCerts: false, browserName: chrome, browserVersion: 109.0.5414.76, chrome: {chromedriverVersion: 109.0.5414.74 (e7c5703604da..., userDataDir: C:\Users\elgohary\AppData\L...}, goog:chromeOptions: {debuggerAddress: localhost:55304}, networkConnectionEnabled: false, pageLoadStrategy: normal, platformName: WINDOWS, proxy: Proxy(), se:cdp: ws://localhost:55304/devtoo..., se:cdpVersion: 109.0.5414.76, setWindowRect: true, strictFileInteractability: false, timeouts: {implicit: 0, pageLoad: 300000, script: 30000}, unhandledPromptBehavior: dismiss and notify, webauthn:extension:credBlob: true, webauthn:extension:largeBlob: true, webauthn:virtualAuthenticators: true}
Session ID: 4e519705bc38477bbe0694463e0b5d5a
	at sun.reflect.NativeConstructorAccessorImpl.newInstance0(Native Method)
	at sun.reflect.NativeConstructorAccessorImpl.newInstance(NativeConstructorAccessorImpl.java:62)
	at sun.reflect.DelegatingConstructorAccessorImpl.newInstance(DelegatingConstructorAccessorImpl.java:45)
	at java.lang.reflect.Constructor.newInstance(Constructor.java:423)
	at org.openqa.selenium.remote.codec.w3c.W3CHttpResponseCodec.createException(W3CHttpResponseCodec.java:200)
	at org.openqa.selenium.remote.codec.w3c.W3CHttpResponseCodec.decode(W3CHttpResponseCodec.java:133)
	at org.openqa.selenium.remote.codec.w3c.W3CHttpResponseCodec.decode(W3CHttpResponseCodec.java:53)
	at org.openqa.selenium.remote.HttpCommandExecutor.execute(HttpCommandExecutor.java:184)
	at org.openqa.selenium.remote.service.DriverCommandExecutor.invokeExecute(DriverCommandExecutor.java:167)
	at org.openqa.selenium.remote.service.DriverCommandExecutor.execute(DriverCommandExecutor.java:142)
	at org.openqa.selenium.remote.RemoteWebDriver.execute(RemoteWebDriver.java:551)
	at org.openqa.selenium.remote.ElementLocation$ElementFinder$2.findElement(ElementLocation.java:162)
	at org.openqa.selenium.remote.ElementLocation.findElement(ElementLocation.java:60)
	at org.openqa.selenium.remote.RemoteWebDriver.findElement(RemoteWebDriver.java:367)
	at org.openqa.selenium.remote.RemoteWebDriver.findElement(RemoteWebDriver.java:359)
	at org.example.stepDefinition.TC02_loginStepDef.unsuccessful_login(TC02_loginStepDef.java:60)
	at ?.user could not login to the system(file:///C:/Users/elgohary/IdeaProjects/final_project/src/main/resources/features/F02_Login.feature:13)
</pre></div></td>
<td>29</td>
<td>org.example.TestRunner.Runner@78e67e0a</td></tr>
<tr>
<td title='org.example.TestRunner.Runner.runScenario()'><b>runScenario</b><br>Test class: org.example.TestRunner.Runner<br>Test method: Runs Cucumber Scenarios<br>Parameters: "", "Optional[User will use Actions class in Selenium framework to hover on computer category then click on sub]"</td>
<td><div><pre>org.openqa.selenium.ElementNotInteractableException: element not interactable: https://demo.nopcommerce.com/desktops has no size and location
  (Session info: chrome=109.0.5414.76)
Build info: version: &apos;4.7.1&apos;, revision: &apos;c6795baf1a3&apos;
System info: os.name: &apos;Windows 10&apos;, os.arch: &apos;amd64&apos;, os.version: &apos;10.0&apos;, java.version: &apos;1.8.0_351&apos;
Driver info: org.openqa.selenium.chrome.ChromeDriver
Command: [60f91e0cafa87e856c59a83ed3b25d49, actions {actions=[org.openqa.selenium.interactions.Sequence@3bf54172]}]
Capabilities {acceptInsecureCerts: false, browserName: chrome, browserVersion: 109.0.5414.76, chrome: {chromedriverVersion: 109.0.5414.74 (e7c5703604da..., userDataDir: C:\Users\elgohary\AppData\L...}, goog:chromeOptions: {debuggerAddress: localhost:55420}, networkConnectionEnabled: false, pageLoadStrategy: normal, platformName: WINDOWS, proxy: Proxy(), se:cdp: ws://localhost:55420/devtoo..., se:cdpVersion: 109.0.5414.76, setWindowRect: true, strictFileInteractability: false, timeouts: {implicit: 0, pageLoad: 300000, script: 30000}, unhandledPromptBehavior: dismiss and notify, webauthn:extension:credBlob: true, webauthn:extension:largeBlob: true, webauthn:virtualAuthenticators: true}
Session ID: 60f91e0cafa87e856c59a83ed3b25d49
	at org.openqa.selenium.remote.codec.w3c.W3CHttpResponseCodec.createException(W3CHttpResponseCodec.java:200)
	at org.openqa.selenium.remote.codec.w3c.W3CHttpResponseCodec.decode(W3CHttpResponseCodec.java:133)
	at org.openqa.selenium.remote.codec.w3c.W3CHttpResponseCodec.decode(W3CHttpResponseCodec.java:53)
	at org.openqa.selenium.remote.HttpCommandExecutor.execute(HttpCommandExecutor.java:184)
	at org.openqa.selenium.remote.service.DriverCommandExecutor.invokeExecute(DriverCommandExecutor.java:167)
	at org.openqa.selenium.remote.service.DriverCommandExecutor.execute(DriverCommandExecutor.java:142)
	at org.openqa.selenium.remote.RemoteWebDriver.execute(RemoteWebDriver.java:551)
	at org.openqa.selenium.remote.RemoteWebDriver.perform(RemoteWebDriver.java:619)
	at org.openqa.selenium.interactions.Actions$BuiltAction.perform(Actions.java:567)
	at org.example.stepDefinition.TC05_hoverCategoriesStepDef.hover_main_categories(TC05_hoverCategoriesStepDef.java:26)
	at ?.you need to select computer from main categories and hover it(file:///C:/Users/elgohary/IdeaProjects/final_project/src/main/resources/features/F05_hoverCategories.feature:4)
... Removed 4 stack frames</pre></div><a href='#' onClick='toggleBox("stack-trace2087075503", this, "Click to show all stack frames", "Click to hide stack frames")'>Click to show all stack frames</a>
<div class='stack-trace' id='stack-trace2087075503'><pre>org.openqa.selenium.ElementNotInteractableException: element not interactable: https://demo.nopcommerce.com/desktops has no size and location
  (Session info: chrome=109.0.5414.76)
Build info: version: &apos;4.7.1&apos;, revision: &apos;c6795baf1a3&apos;
System info: os.name: &apos;Windows 10&apos;, os.arch: &apos;amd64&apos;, os.version: &apos;10.0&apos;, java.version: &apos;1.8.0_351&apos;
Driver info: org.openqa.selenium.chrome.ChromeDriver
Command: [60f91e0cafa87e856c59a83ed3b25d49, actions {actions=[org.openqa.selenium.interactions.Sequence@3bf54172]}]
Capabilities {acceptInsecureCerts: false, browserName: chrome, browserVersion: 109.0.5414.76, chrome: {chromedriverVersion: 109.0.5414.74 (e7c5703604da..., userDataDir: C:\Users\elgohary\AppData\L...}, goog:chromeOptions: {debuggerAddress: localhost:55420}, networkConnectionEnabled: false, pageLoadStrategy: normal, platformName: WINDOWS, proxy: Proxy(), se:cdp: ws://localhost:55420/devtoo..., se:cdpVersion: 109.0.5414.76, setWindowRect: true, strictFileInteractability: false, timeouts: {implicit: 0, pageLoad: 300000, script: 30000}, unhandledPromptBehavior: dismiss and notify, webauthn:extension:credBlob: true, webauthn:extension:largeBlob: true, webauthn:virtualAuthenticators: true}
Session ID: 60f91e0cafa87e856c59a83ed3b25d49
	at sun.reflect.NativeConstructorAccessorImpl.newInstance0(Native Method)
	at sun.reflect.NativeConstructorAccessorImpl.newInstance(NativeConstructorAccessorImpl.java:62)
	at sun.reflect.DelegatingConstructorAccessorImpl.newInstance(DelegatingConstructorAccessorImpl.java:45)
	at java.lang.reflect.Constructor.newInstance(Constructor.java:423)
	at org.openqa.selenium.remote.codec.w3c.W3CHttpResponseCodec.createException(W3CHttpResponseCodec.java:200)
	at org.openqa.selenium.remote.codec.w3c.W3CHttpResponseCodec.decode(W3CHttpResponseCodec.java:133)
	at org.openqa.selenium.remote.codec.w3c.W3CHttpResponseCodec.decode(W3CHttpResponseCodec.java:53)
	at org.openqa.selenium.remote.HttpCommandExecutor.execute(HttpCommandExecutor.java:184)
	at org.openqa.selenium.remote.service.DriverCommandExecutor.invokeExecute(DriverCommandExecutor.java:167)
	at org.openqa.selenium.remote.service.DriverCommandExecutor.execute(DriverCommandExecutor.java:142)
	at org.openqa.selenium.remote.RemoteWebDriver.execute(RemoteWebDriver.java:551)
	at org.openqa.selenium.remote.RemoteWebDriver.perform(RemoteWebDriver.java:619)
	at org.openqa.selenium.interactions.Actions$BuiltAction.perform(Actions.java:567)
	at org.example.stepDefinition.TC05_hoverCategoriesStepDef.hover_main_categories(TC05_hoverCategoriesStepDef.java:26)
	at ?.you need to select computer from main categories and hover it(file:///C:/Users/elgohary/IdeaProjects/final_project/src/main/resources/features/F05_hoverCategories.feature:4)
</pre></div></td>
<td>11</td>
<td>org.example.TestRunner.Runner@78e67e0a</td></tr>
<tr>
<td title='org.example.TestRunner.Runner.runScenario()'><b>runScenario</b><br>Test class: org.example.TestRunner.Runner<br>Test method: Runs Cucumber Scenarios<br>Parameters: "user opens rss link", "Optional[F07_followUs | users could open followUs links]"</td>
<td><div><pre>java.lang.IndexOutOfBoundsException: Index: 1, Size: 1
	at java.util.ArrayList.rangeCheck(ArrayList.java:659)
	at java.util.ArrayList.get(ArrayList.java:435)
	at org.example.stepDefinition.TC07_followUsStepDef.verify_opening_rss(TC07_followUsStepDef.java:66)
	at ?.verify rss is opened in new tab(file:///C:/Users/elgohary/IdeaProjects/final_project/src/main/resources/features/F07_followUs.feature:14)
</pre></div><a href='#' onClick='toggleBox("stack-trace230266757", this, "Click to show all stack frames", "Click to hide stack frames")'>Click to show all stack frames</a>
<div class='stack-trace' id='stack-trace230266757'><pre>java.lang.IndexOutOfBoundsException: Index: 1, Size: 1
	at java.util.ArrayList.rangeCheck(ArrayList.java:659)
	at java.util.ArrayList.get(ArrayList.java:435)
	at org.example.stepDefinition.TC07_followUsStepDef.verify_opening_rss(TC07_followUsStepDef.java:66)
	at ?.verify rss is opened in new tab(file:///C:/Users/elgohary/IdeaProjects/final_project/src/main/resources/features/F07_followUs.feature:14)
</pre></div></td>
<td>16</td>
<td>org.example.TestRunner.Runner@78e67e0a</td></tr>
</table><p>
<table width='100%' border='1' class='invocation-passed'>
<tr><td colspan='4' align='center'><b>PASSED TESTS</b></td></tr>
<tr><td><b>Test method</b></td>
<td width="30%"><b>Exception</b></td>
<td width="10%"><b>Time (seconds)</b></td>
<td><b>Instance</b></td>
</tr>
<tr>
<td title='org.example.TestRunner.Runner.runScenario()'><b>runScenario</b><br>Test class: org.example.TestRunner.Runner<br>Test method: Runs Cucumber Scenarios<br>Parameters: "", "Optional[homeSliders Feature]"</td>
<td></td>
<td>11</td>
<td>org.example.TestRunner.Runner@78e67e0a</td></tr>
<tr>
<td title='org.example.TestRunner.Runner.runScenario()'><b>runScenario</b><br>Test class: org.example.TestRunner.Runner<br>Test method: Runs Cucumber Scenarios<br>Parameters: "user opens facebook link", "Optional[F07_followUs | users could open followUs links]"</td>
<td></td>
<td>20</td>
<td>org.example.TestRunner.Runner@78e67e0a</td></tr>
<tr>
<td title='org.example.TestRunner.Runner.runScenario()'><b>runScenario</b><br>Test class: org.example.TestRunner.Runner<br>Test method: Runs Cucumber Scenarios<br>Parameters: "user opens twitter link", "Optional[F07_followUs | users could open followUs links]"</td>
<td></td>
<td>16</td>
<td>org.example.TestRunner.Runner@78e67e0a</td></tr>
<tr>
<td title='org.example.TestRunner.Runner.runScenario()'><b>runScenario</b><br>Test class: org.example.TestRunner.Runner<br>Test method: Runs Cucumber Scenarios<br>Parameters: "user opens youtube link", "Optional[F07_followUs | users could open followUs links]"</td>
<td></td>
<td>22</td>
<td>org.example.TestRunner.Runner@78e67e0a</td></tr>
<tr>
<td title='org.example.TestRunner.Runner.runScenario()'><b>runScenario</b><br>Test class: org.example.TestRunner.Runner<br>Test method: Runs Cucumber Scenarios<br>Parameters: "", "Optional[Currency change within the website]"</td>
<td></td>
<td>12</td>
<td>org.example.TestRunner.Runner@78e67e0a</td></tr>
<tr>
<td title='org.example.TestRunner.Runner.runScenario()'><b>runScenario</b><br>Test class: org.example.TestRunner.Runner<br>Test method: Runs Cucumber Scenarios<br>Parameters: "user could login with valid email and password", "Optional[: F02_Login | users could use login functionality to use their accounts]"</td>
<td></td>
<td>12</td>
<td>org.example.TestRunner.Runner@78e67e0a</td></tr>
<tr>
<td title='org.example.TestRunner.Runner.runScenario()'><b>runScenario</b><br>Test class: org.example.TestRunner.Runner<br>Test method: Runs Cucumber Scenarios<br>Parameters: "user could search using product SUK", "Optional[user could search using product name]"</td>
<td></td>
<td>14</td>
<td>org.example.TestRunner.Runner@78e67e0a</td></tr>
<tr>
<td title='org.example.TestRunner.Runner.runScenario()'><b>runScenario</b><br>Test class: org.example.TestRunner.Runner<br>Test method: Runs Cucumber Scenarios<br>Parameters: "", "Optional[WISHLIST]"</td>
<td></td>
<td>11</td>
<td>org.example.TestRunner.Runner@78e67e0a</td></tr>
<tr>
<td title='org.example.TestRunner.Runner.runScenario()'><b>runScenario</b><br>Test class: org.example.TestRunner.Runner<br>Test method: Runs Cucumber Scenarios<br>Parameters: "", "Optional[user could search using product name]"</td>
<td></td>
<td>14</td>
<td>org.example.TestRunner.Runner@78e67e0a</td></tr>
<tr>
<td title='org.example.TestRunner.Runner.runScenario()'><b>runScenario</b><br>Test class: org.example.TestRunner.Runner<br>Test method: Runs Cucumber Scenarios<br>Parameters: "guest user could register with valid data successfully", "Optional[F01_Register | users could register with new accounts]"</td>
<td></td>
<td>17</td>
<td>org.example.TestRunner.Runner@78e67e0a</td></tr>
<tr>
<td title='org.example.TestRunner.Runner.runScenario()'><b>runScenario</b><br>Test class: org.example.TestRunner.Runner<br>Test method: Runs Cucumber Scenarios<br>Parameters: "", "Optional[homeSliders Feature]"</td>
<td></td>
<td>10</td>
<td>org.example.TestRunner.Runner@78e67e0a</td></tr>
</table><p>
</body>
</html>